2025-07-07 10:28:31,619 - 文件: pdf_convert_2207ce6b_page0.png, 尺寸: 9241x6537, 大小: 172.83MB, OCR识别时间: 273.60秒
2025-07-07 10:35:47,837 - 文件: pdf_convert_166080f7_page0.png, 尺寸: 3368x2382, 大小: 22.95MB, OCR识别时间: 101.23秒
2025-07-07 10:38:43,382 - 文件: pdf_convert_dc8cfb27_page0.png, 尺寸: 3368x2382, 大小: 22.95MB, OCR识别时间: 121.45秒
2025-07-07 10:45:22,379 - 文件: pdf_convert_3ce09269_page1.png, 尺寸: 3368x2382, 大小: 22.95MB, OCR识别时间: 102.21秒
2025-07-07 10:48:01,371 - 文件: pdf_convert_061ac8ff_page2.png, 尺寸: 3368x2382, 大小: 22.95MB, OCR识别时间: 103.70秒
2025-07-07 11:02:44,678 - 文件: pdf_convert_f1ad91bf_page3.png, 尺寸: 3368x2382, 大小: 22.95MB, OCR识别时间: 104.84秒
2025-07-07 11:08:14,684 - 文件: pdf_convert_2f9f29c4_page4.png, 尺寸: 3368x2382, 大小: 22.95MB, OCR识别时间: 104.63秒
2025-07-07 11:17:47,418 - 文件: pdf_convert_485bc620_page0.png, 尺寸: 9241x6537, 大小: 172.83MB, OCR识别时间: 242.07秒
2025-07-07 11:32:51,409 - 文件: pdf_convert_d54aadbb_page0.png, 尺寸: 9241x6537, 大小: 172.83MB, OCR识别时间: 180.90秒
2025-07-07 13:10:25,537 - 文件: 123.png, 尺寸: 3509x2480, 大小: 24.90MB, OCR识别时间: 137.13秒
2025-07-07 13:26:23,949 - 文件: 123.png, 尺寸: 3509x2480, 大小: 24.90MB, OCR识别时间: 103.24秒
2025-07-08 09:04:00,850 - 文件: pdf_convert_a6c11a30_page1.png, 尺寸: 9241x6537, 大小: 172.83MB, OCR识别时间: 135.52秒
2025-07-08 09:08:39,050 - 文件: tmplt2j8hwx.png, 尺寸: 272x195, 大小: 0.15MB, OCR识别时间: 75.76秒
2025-07-08 09:20:49,495 - 文件: pdf_convert_23f25c03_page0.png, 尺寸: 13482x9536, 大小: 367.83MB, OCR识别时间: 371.71秒
2025-07-08 13:54:57,351 - 文件: pdf_convert_bde1a4ee_page0.png, 尺寸: 9241x6537, 大小: 172.83MB, OCR识别时间: 209.31秒
2025-07-08 14:08:53,153 - 文件: pdf_convert_511a49cf_page0.png, 尺寸: 9241x6537, 大小: 172.83MB, OCR识别时间: 218.13秒
2025-07-08 14:27:47,843 - 文件: 123.png, 尺寸: 3509x2480, 大小: 24.90MB, OCR识别时间: 95.59秒
2025-07-08 14:32:58,711 - 文件: 123.png, 尺寸: 3509x2480, 大小: 24.90MB, OCR识别时间: 93.52秒
2025-07-08 14:38:50,082 - 文件: 123.png, 尺寸: 3509x2480, 大小: 24.90MB, OCR识别时间: 105.14秒
2025-07-08 14:44:14,503 - 文件: 123.png, 尺寸: 3509x2480, 大小: 24.90MB, OCR识别时间: 95.34秒
2025-07-08 15:04:41,976 - 文件: 123.png, 尺寸: 3509x2480, 大小: 24.90MB, OCR识别时间: 93.12秒
2025-07-08 17:07:16,137 - 文件: 123.png, 尺寸: 3509x2480, 大小: 24.90MB, OCR识别时间: 92.16秒
2025-07-08 17:13:50,790 - 文件: 123.png, 尺寸: 3509x2480, 大小: 24.90MB, OCR识别时间: 93.27秒
2025-07-08 21:14:49,341 - 文件: tmprxm87evq.png, 尺寸: 354x273, 大小: 0.28MB, OCR识别时间: 73.93秒
2025-07-08 21:18:08,567 - 文件: 123.png, 尺寸: 3509x2480, 大小: 24.90MB, OCR识别时间: 98.67秒
2025-07-08 21:29:13,951 - 文件: pdf_convert_fbc9861d_page0.png, 尺寸: 13482x9536, 大小: 367.83MB, OCR识别时间: 430.11秒
2025-07-08 21:35:03,127 - 文件: pdf_convert_4b3f3d24_page0.png, 尺寸: 3368x2382, 大小: 22.95MB, OCR识别时间: 94.28秒
2025-07-08 21:53:51,325 - 文件: pdf_convert_cf98c2dd_page0.png, 尺寸: 13482x9536, 大小: 367.83MB, OCR识别时间: 537.13秒
2025-07-08 22:00:49,348 - 文件: tmp83_pi2sx.png, 尺寸: 297x86, 大小: 0.07MB, OCR识别时间: 239.15秒
2025-07-09 09:36:34,637 - 文件: 123.png, OCR识别失败: 'PaddleOCRWorker' object has no attribute 'reuse_model'
2025-07-09 09:38:11,346 - 文件: 123.png, OCR识别失败: expected '<document start>', but found '<block mapping start>'
  in "c:\Users\H\Desktop\pyqt-bubble\model\det_best_model\config.yml", line 17, column 1
2025-07-09 09:42:06,868 - 文件: 123.png, 尺寸: 3509x2480, 大小: 24.90MB, OCR识别时间: 106.80秒
2025-07-09 09:43:13,473 - 文件: tmp0jliyti1.png, 尺寸: 109x105, 大小: 0.03MB, OCR识别时间: 47.94秒
2025-07-09 09:44:21,386 - 文件: tmpf3z9brsp.png, 尺寸: 232x173, 大小: 0.11MB, OCR识别时间: 59.57秒
2025-07-09 09:45:48,210 - 文件: tmp61bta3so.png, 尺寸: 213x226, 大小: 0.14MB, OCR识别时间: 39.98秒
2025-07-09 09:47:13,689 - 文件: tmpsfaxdlqe.png, 尺寸: 321x217, 大小: 0.20MB, OCR识别时间: 72.26秒
2025-07-09 10:13:51,863 - 文件: tmp_rapv294.png, 尺寸: 467x275, 大小: 0.37MB, OCR识别时间: 0.28秒
2025-07-09 10:14:01,624 - 文件: tmp864qz0t9.png, 尺寸: 242x61, 大小: 0.04MB, OCR识别时间: 0.26秒
2025-07-09 10:14:17,758 - 文件: tmp9oafcbla.png, 尺寸: 95x56, 大小: 0.02MB, OCR识别时间: 0.26秒
2025-07-09 10:15:21,575 - 文件: tmpj8vyf96k.png, 尺寸: 304x87, 大小: 0.08MB, OCR识别时间: 0.28秒
2025-07-09 10:15:27,975 - 文件: tmpiqjngx6x.png, 尺寸: 48x53, 大小: 0.01MB, OCR识别时间: 0.25秒
2025-07-09 10:15:32,468 - 文件: tmpd83oz9pb.png, 尺寸: 297x64, 大小: 0.05MB, OCR识别时间: 0.25秒
2025-07-09 10:15:37,675 - 文件: tmpquma_2gk.png, 尺寸: 80x215, 大小: 0.05MB, OCR识别时间: 0.25秒
2025-07-09 10:15:51,247 - 文件: tmp3qa5qaxq.png, 尺寸: 57x104, 大小: 0.02MB, OCR识别时间: 0.25秒
2025-07-09 10:17:02,542 - 文件: tmpz4pg44ob.png, 尺寸: 95x173, 大小: 0.05MB, OCR识别时间: 0.28秒
2025-07-09 10:17:10,135 - 文件: tmpaz3ixgey.png, 尺寸: 116x107, 大小: 0.04MB, OCR识别时间: 0.28秒
2025-07-09 10:17:16,707 - 文件: tmptfpez4sf.png, 尺寸: 228x58, 大小: 0.04MB, OCR识别时间: 0.25秒
2025-07-09 10:18:47,782 - 文件: 123.png, 尺寸: 3509x2480, 大小: 24.90MB, OCR识别时间: 85.76秒
2025-07-09 10:24:47,932 - 文件: pdf_convert_9ad57be2_page0.png, 尺寸: 9241x6537, 大小: 172.83MB, OCR识别时间: 206.99秒
2025-07-09 10:24:59,165 - 文件: tmpule2_bq4.png, 尺寸: 42x36, 大小: 0.00MB, OCR识别时间: 0.24秒
2025-07-09 10:25:06,456 - 文件: tmp1tp0it5l.png, 尺寸: 88x42, 大小: 0.01MB, OCR识别时间: 0.24秒
2025-07-09 10:25:18,672 - 文件: tmpa6i2568o.png, 尺寸: 90x70, 大小: 0.02MB, OCR识别时间: 0.24秒
2025-07-09 11:01:15,038 - 文件: tmpue256i0s.png, 尺寸: 89x40, 大小: 0.01MB, OCR识别时间: 0.24秒
2025-07-09 11:21:00,076 - 文件: pdf_convert_9a9af061_page1.png, 尺寸: 9241x6537, 大小: 172.83MB, OCR识别时间: 125.95秒
2025-07-09 13:14:56,992 - 文件: tmpwjj2w7e3.png, 尺寸: 1568x944, 大小: 4.23MB, OCR识别时间: 0.27秒
2025-07-09 13:15:03,903 - 文件: tmppx_4oqnm.png, 尺寸: 231x69, 大小: 0.05MB, OCR识别时间: 0.24秒
2025-07-09 13:15:13,455 - 文件: tmp2b025bn9.png, 尺寸: 195x99, 大小: 0.06MB, OCR识别时间: 0.24秒
2025-07-09 13:21:48,345 - 文件: tmpxrpqmpun.png, 尺寸: 118x136, 大小: 0.05MB, OCR识别时间: 0.25秒
2025-07-09 13:21:59,803 - 文件: tmpkhl5z5e5.png, 尺寸: 68x86, 大小: 0.02MB, OCR识别时间: 0.24秒
2025-07-09 13:22:05,009 - 文件: tmpmhbwbeqc.png, 尺寸: 49x90, 大小: 0.01MB, OCR识别时间: 0.24秒
2025-07-09 13:36:12,396 - 文件: tmpuozhatss.png, 尺寸: 102x39, 大小: 0.01MB, OCR识别时间: 0.24秒
2025-07-09 13:36:27,048 - 文件: tmpz841svb4.png, 尺寸: 47x137, 大小: 0.02MB, OCR识别时间: 0.24秒
2025-07-09 13:36:34,374 - 文件: tmpwwiaunth.png, 尺寸: 62x154, 大小: 0.03MB, OCR识别时间: 0.24秒
2025-07-09 13:36:41,917 - 文件: tmpv3rhej19.png, 尺寸: 81x50, 大小: 0.01MB, OCR识别时间: 0.24秒
2025-07-09 13:36:47,656 - 文件: tmpdx_1vrhv.png, 尺寸: 125x154, 大小: 0.06MB, OCR识别时间: 0.24秒
2025-07-09 13:36:55,706 - 文件: tmp_8ixo55c.png, 尺寸: 66x146, 大小: 0.03MB, OCR识别时间: 0.25秒
2025-07-09 13:37:04,172 - 文件: tmpwq9dq1hx.png, 尺寸: 48x152, 大小: 0.02MB, OCR识别时间: 0.24秒
2025-07-09 13:37:17,553 - 文件: tmpx357c1ca.png, 尺寸: 107x39, 大小: 0.01MB, OCR识别时间: 0.24秒
2025-07-09 13:37:22,068 - 文件: tmpgmhcptyg.png, 尺寸: 91x42, 大小: 0.01MB, OCR识别时间: 0.24秒
2025-07-09 13:37:33,958 - 文件: tmpj204c18i.png, 尺寸: 62x167, 大小: 0.03MB, OCR识别时间: 0.24秒
2025-07-09 13:37:44,274 - 文件: tmp6_sf3v4w.png, 尺寸: 98x177, 大小: 0.05MB, OCR识别时间: 0.24秒
2025-07-09 13:37:57,562 - 文件: tmpa2jdwx7t.png, 尺寸: 43x166, 大小: 0.02MB, OCR识别时间: 0.24秒
2025-07-09 13:38:18,425 - 文件: tmpf2edbvtq.png, 尺寸: 106x150, 大小: 0.05MB, OCR识别时间: 0.24秒
2025-07-09 13:38:25,973 - 文件: tmpcv7yzsnn.png, 尺寸: 47x158, 大小: 0.02MB, OCR识别时间: 0.24秒
2025-07-09 13:38:35,932 - 文件: tmplaeo2rt9.png, 尺寸: 118x53, 大小: 0.02MB, OCR识别时间: 0.24秒
2025-07-09 13:38:39,289 - 文件: tmpxpsgcd9t.png, 尺寸: 108x45, 大小: 0.01MB, OCR识别时间: 0.24秒
2025-07-09 13:38:47,666 - 文件: tmp3xnky977.png, 尺寸: 54x153, 大小: 0.02MB, OCR识别时间: 0.24秒
2025-07-09 13:38:54,425 - 文件: tmpystwlak7.png, 尺寸: 211x51, 大小: 0.03MB, OCR识别时间: 0.24秒
2025-07-09 13:38:58,908 - 文件: tmpg9b63i09.png, 尺寸: 176x50, 大小: 0.03MB, OCR识别时间: 0.25秒
2025-07-09 13:39:12,507 - 文件: tmpxs1h34gf.png, 尺寸: 211x50, 大小: 0.03MB, OCR识别时间: 0.24秒
2025-07-09 13:39:18,609 - 文件: tmpcry7e62n.png, 尺寸: 86x167, 大小: 0.04MB, OCR识别时间: 0.24秒
2025-07-09 13:39:25,813 - 文件: tmp81qg8p9h.png, 尺寸: 59x163, 大小: 0.03MB, OCR识别时间: 0.24秒
2025-07-09 13:39:29,358 - 文件: tmpoox5nwcj.png, 尺寸: 60x148, 大小: 0.03MB, OCR识别时间: 0.24秒
2025-07-09 13:39:34,154 - 文件: tmpqboqdjin.png, 尺寸: 70x180, 大小: 0.04MB, OCR识别时间: 0.24秒
2025-07-09 13:39:48,425 - 文件: tmpi2i9dmwx.png, 尺寸: 121x58, 大小: 0.02MB, OCR识别时间: 0.25秒
2025-07-09 13:39:52,194 - 文件: tmpnjv5mvel.png, 尺寸: 77x47, 大小: 0.01MB, OCR识别时间: 0.24秒
2025-07-09 13:40:00,850 - 文件: tmpgs2koits.png, 尺寸: 219x57, 大小: 0.04MB, OCR识别时间: 0.24秒
2025-07-09 13:40:10,976 - 文件: tmpc4t0359f.png, 尺寸: 154x43, 大小: 0.02MB, OCR识别时间: 0.25秒
2025-07-09 13:40:15,523 - 文件: tmp1v50bzos.png, 尺寸: 197x45, 大小: 0.03MB, OCR识别时间: 0.24秒
2025-07-09 13:40:22,001 - 文件: tmpztphrx6x.png, 尺寸: 123x50, 大小: 0.02MB, OCR识别时间: 0.25秒
2025-07-09 13:40:27,387 - 文件: tmpc3cnxw7d.png, 尺寸: 55x149, 大小: 0.02MB, OCR识别时间: 0.24秒
2025-07-09 13:40:43,591 - 文件: tmp6i8p2pxw.png, 尺寸: 55x144, 大小: 0.02MB, OCR识别时间: 0.24秒
2025-07-09 13:40:53,341 - 文件: tmp1hwbvsr_.png, 尺寸: 52x140, 大小: 0.02MB, OCR识别时间: 0.24秒
2025-07-09 13:58:52,853 - 文件: tmpn2gkae_t.png, 尺寸: 47x154, 大小: 0.02MB, OCR识别时间: 0.25秒
2025-07-09 13:59:06,629 - 文件: tmpzg8yl49r.png, 尺寸: 54x172, 大小: 0.03MB, OCR识别时间: 0.24秒
2025-07-09 13:59:12,756 - 文件: tmpe1d5phsg.png, 尺寸: 52x154, 大小: 0.02MB, OCR识别时间: 0.24秒
2025-07-09 14:00:42,653 - 文件: pdf_convert_7729b0c3_page0.png, 尺寸: 3368x2382, 大小: 22.95MB, OCR识别时间: 85.61秒
2025-07-09 15:29:53,643 - 文件: tmpbxjc2fly.png, 尺寸: 179x51, 大小: 0.03MB, OCR识别时间: 0.29秒
2025-07-09 15:30:01,852 - 文件: tmpqjw8_yss.png, 尺寸: 169x68, 大小: 0.03MB, OCR识别时间: 0.25秒
2025-07-09 15:30:16,990 - 文件: tmpq142_85d.png, 尺寸: 169x62, 大小: 0.03MB, OCR识别时间: 0.26秒
2025-07-09 15:32:04,540 - 文件: pdf_convert_5393ff2e_page0.png, 尺寸: 3368x2382, 大小: 22.95MB, OCR识别时间: 94.12秒
2025-07-09 15:38:59,291 - 文件: tmp7fnnykic.png, 尺寸: 72x176, 大小: 0.04MB, OCR识别时间: 0.32秒
2025-07-09 15:39:25,758 - 文件: tmpmn47xh5n.png, 尺寸: 51x164, 大小: 0.02MB, OCR识别时间: 0.25秒
2025-07-09 15:39:30,128 - 文件: tmpkx48_v30.png, 尺寸: 66x147, 大小: 0.03MB, OCR识别时间: 0.25秒
2025-07-09 15:40:37,587 - 文件: tmp___xxqny.png, 尺寸: 60x152, 大小: 0.03MB, OCR识别时间: 0.25秒
2025-07-09 15:52:37,992 - 文件: 微信图片_2025-07-09_155227_519.png, OCR识别失败: 无法读取图像文件: C:\Users\H\Desktop\微信图片_2025-07-09_155227_519.png
2025-07-09 15:54:11,021 - 文件: test-image.png, 尺寸: 371x436, 大小: 0.46MB, OCR识别时间: 12.46秒
2025-07-09 15:54:13,685 - 文件: pdf_convert_b2126727_page0.png, OCR识别失败: Signal source has been deleted
2025-07-09 15:55:09,256 - 文件: test-image.png, 尺寸: 371x436, 大小: 0.46MB, OCR识别时间: 41.10秒
2025-07-09 16:00:45,585 - 文件: tmp3ir5ufkd.png, 尺寸: 62x22, 大小: 0.00MB, OCR识别时间: 0.28秒
2025-07-09 16:00:53,493 - 文件: tmp0_w2g33k.png, 尺寸: 83x29, 大小: 0.01MB, OCR识别时间: 0.29秒
2025-07-09 16:01:01,175 - 文件: tmpd5xsx_xg.png, 尺寸: 32x22, 大小: 0.00MB, OCR识别时间: 0.28秒
2025-07-09 16:01:16,937 - 文件: tmpjp3rwde5.png, 尺寸: 76x170, 大小: 0.04MB, OCR识别时间: 0.29秒
2025-07-09 16:02:40,925 - 文件: tmpwslyrqx6.png, 尺寸: 51x163, 大小: 0.02MB, OCR识别时间: 0.27秒
2025-07-09 16:15:14,644 - 文件: pdf_convert_dfba522b_page0.png, 尺寸: 3368x2382, 大小: 22.95MB, OCR识别时间: 94.40秒
2025-07-09 16:23:57,140 - 文件: tmpo5cqokfa.png, 尺寸: 162x61, 大小: 0.03MB, OCR识别时间: 0.28秒
2025-07-09 16:24:01,652 - 文件: tmp2bkjo7h2.png, 尺寸: 144x51, 大小: 0.02MB, OCR识别时间: 0.25秒
2025-07-09 16:24:05,811 - 文件: tmptaaflk8_.png, 尺寸: 157x65, 大小: 0.03MB, OCR识别时间: 0.27秒
2025-07-09 16:53:19,512 - 文件: tmpdntsh925.png, OCR识别失败: No module named 'infer_tu2'
2025-07-09 16:53:39,239 - 文件: tmpob_kclr0.png, 尺寸: 193x77, 大小: 0.04MB, OCR识别时间: 0.34秒
2025-07-09 16:58:05,347 - 文件: tmp2u30r53o.png, 尺寸: 164x116, 大小: 0.05MB, OCR识别时间: 0.27秒
2025-07-09 16:58:15,211 - 文件: tmp_gyhocow.png, 尺寸: 151x74, 大小: 0.03MB, OCR识别时间: 0.25秒
2025-07-09 17:02:31,469 - 文件: tmp2k26049w.png, 尺寸: 164x91, 大小: 0.04MB, OCR识别时间: 0.28秒
2025-07-09 17:02:38,450 - 文件: tmpl4_px5mq.png, 尺寸: 142x62, 大小: 0.03MB, OCR识别时间: 0.25秒
